<?xml version="1.0" encoding="UTF-8"?>
<testsuite xmlns:xsi="http://www.w3.org/2001/XMLSchema-instance" xsi:noNamespaceSchemaLocation="https://maven.apache.org/surefire/maven-surefire-plugin/xsd/surefire-test-report-3.0.xsd" version="3.0" name="com.lb.lbint.AppTest" time="0.059" tests="1" errors="0" skipped="0" failures="0">
  <properties>
    <property name="java.specification.version" value="17"/>
    <property name="sun.cpu.isalist" value="amd64"/>
    <property name="sun.jnu.encoding" value="Cp1257"/>
    <property name="java.class.path" value="C:\eclipse-workspace\lbint\target\test-classes;C:\eclipse-workspace\lbint\target\classes;C:\Users\ernestas.velevko\.m2\repository\junit\junit\4.13.2\junit-4.13.2.jar;C:\Users\ernestas.velevko\.m2\repository\org\hamcrest\hamcrest-core\1.3\hamcrest-core-1.3.jar;C:\Users\ernestas.velevko\.m2\repository\org\slf4j\slf4j-api\2.0.12\slf4j-api-2.0.12.jar;C:\Users\ernestas.velevko\.m2\repository\org\postgresql\postgresql\42.7.3\postgresql-42.7.3.jar;C:\Users\ernestas.velevko\.m2\repository\org\checkerframework\checker-qual\3.42.0\checker-qual-3.42.0.jar;C:\Users\ernestas.velevko\.m2\repository\com\sun\xml\ws\jaxws-rt\4.0.2\jaxws-rt-4.0.2.jar;C:\Users\ernestas.velevko\.m2\repository\com\sun\xml\bind\jaxb-impl\4.0.4\jaxb-impl-4.0.4.jar;C:\Users\ernestas.velevko\.m2\repository\com\sun\xml\bind\jaxb-core\4.0.4\jaxb-core-4.0.4.jar;C:\Users\ernestas.velevko\.m2\repository\org\glassfish\ha\ha-api\3.1.13\ha-api-3.1.13.jar;C:\Users\ernestas.velevko\.m2\repository\org\glassfish\external\management-api\3.2.3\management-api-3.2.3.jar;C:\Users\ernestas.velevko\.m2\repository\org\glassfish\gmbal\gmbal-api-only\4.0.3\gmbal-api-only-4.0.3.jar;C:\Users\ernestas.velevko\.m2\repository\org\jvnet\staxex\stax-ex\2.1.0\stax-ex-2.1.0.jar;C:\Users\ernestas.velevko\.m2\repository\com\sun\xml\stream\buffer\streambuffer\2.1.0\streambuffer-2.1.0.jar;C:\Users\ernestas.velevko\.m2\repository\org\jvnet\mimepull\mimepull\1.10.0\mimepull-1.10.0.jar;C:\Users\ernestas.velevko\.m2\repository\com\sun\xml\fastinfoset\FastInfoset\2.1.0\FastInfoset-2.1.0.jar;C:\Users\ernestas.velevko\.m2\repository\jakarta\mail\jakarta.mail-api\2.1.2\jakarta.mail-api-2.1.2.jar;C:\Users\ernestas.velevko\.m2\repository\org\eclipse\angus\angus-activation\2.0.1\angus-activation-2.0.1.jar;C:\Users\ernestas.velevko\.m2\repository\org\eclipse\angus\angus-mail\2.0.2\angus-mail-2.0.2.jar;C:\Users\ernestas.velevko\.m2\repository\com\sun\xml\messaging\saaj\saaj-impl\3.0.3\saaj-impl-3.0.3.jar;C:\Users\ernestas.velevko\.m2\repository\com\fasterxml\woodstox\woodstox-core\6.5.1\woodstox-core-6.5.1.jar;C:\Users\ernestas.velevko\.m2\repository\org\codehaus\woodstox\stax2-api\4.2.2\stax2-api-4.2.2.jar;C:\Users\ernestas.velevko\.m2\repository\jakarta\activation\jakarta.activation-api\2.1.2\jakarta.activation-api-2.1.2.jar;C:\Users\ernestas.velevko\.m2\repository\jakarta\xml\soap\jakarta.xml.soap-api\3.0.1\jakarta.xml.soap-api-3.0.1.jar;C:\Users\ernestas.velevko\.m2\repository\jakarta\annotation\jakarta.annotation-api\2.1.1\jakarta.annotation-api-2.1.1.jar;C:\Users\ernestas.velevko\.m2\repository\com\sun\xml\ws\jaxws-tools\4.0.2\jaxws-tools-4.0.2.jar;C:\Users\ernestas.velevko\.m2\repository\com\sun\xml\bind\jaxb-xjc\4.0.4\jaxb-xjc-4.0.4.jar;C:\Users\ernestas.velevko\.m2\repository\com\sun\xml\bind\jaxb-jxc\4.0.4\jaxb-jxc-4.0.4.jar;C:\Users\ernestas.velevko\.m2\repository\com\sun\xml\ws\jaxws-eclipselink-plugin\4.0.2\jaxws-eclipselink-plugin-4.0.2.jar;C:\Users\ernestas.velevko\.m2\repository\org\eclipse\persistence\org.eclipse.persistence.moxy\4.0.2\org.eclipse.persistence.moxy-4.0.2.jar;C:\Users\ernestas.velevko\.m2\repository\org\eclipse\persistence\org.eclipse.persistence.core\4.0.2\org.eclipse.persistence.core-4.0.2.jar;C:\Users\ernestas.velevko\.m2\repository\org\eclipse\persistence\org.eclipse.persistence.asm\9.5.0\org.eclipse.persistence.asm-9.5.0.jar;C:\Users\ernestas.velevko\.m2\repository\com\sun\xml\ws\sdo-eclipselink-plugin\4.0.2\sdo-eclipselink-plugin-4.0.2.jar;C:\Users\ernestas.velevko\.m2\repository\org\eclipse\persistence\org.eclipse.persistence.sdo\4.0.2\org.eclipse.persistence.sdo-4.0.2.jar;C:\Users\ernestas.velevko\.m2\repository\jakarta\xml\ws\jakarta.xml.ws-api\4.0.1\jakarta.xml.ws-api-4.0.1.jar;C:\Users\ernestas.velevko\.m2\repository\com\sun\xml\ws\jaxws-maven-plugin\4.0.2\jaxws-maven-plugin-4.0.2.jar;C:\Users\ernestas.velevko\.m2\repository\org\apache\maven\resolver\maven-resolver-api\1.9.16\maven-resolver-api-1.9.16.jar;C:\Users\ernestas.velevko\.m2\repository\org\apache\maven\resolver\maven-resolver-util\1.9.16\maven-resolver-util-1.9.16.jar;C:\Users\ernestas.velevko\.m2\repository\org\codehaus\plexus\plexus-utils\4.0.0\plexus-utils-4.0.0.jar;C:\Users\ernestas.velevko\.m2\repository\org\sonatype\plexus\plexus-build-api\0.0.7\plexus-build-api-0.0.7.jar;C:\Users\ernestas.velevko\.m2\repository\org\codehaus\plexus\plexus-xml\4.0.2\plexus-xml-4.0.2.jar;C:\Users\ernestas.velevko\.m2\repository\org\apache\maven\maven-xml-impl\4.0.0-alpha-7\maven-xml-impl-4.0.0-alpha-7.jar;C:\Users\ernestas.velevko\.m2\repository\org\apache\maven\maven-api-xml\4.0.0-alpha-7\maven-api-xml-4.0.0-alpha-7.jar;C:\Users\ernestas.velevko\.m2\repository\org\apache\maven\maven-api-meta\4.0.0-alpha-7\maven-api-meta-4.0.0-alpha-7.jar;C:\Users\ernestas.velevko\.m2\repository\jakarta\xml\bind\jakarta.xml.bind-api\4.0.2\jakarta.xml.bind-api-4.0.2.jar;C:\Users\ernestas.velevko\.m2\repository\com\github\cjnygard\rest-maven-plugin\0.1.4\rest-maven-plugin-0.1.4.jar;C:\Users\ernestas.velevko\.m2\repository\org\apache\maven\maven-plugin-api\3.3.9\maven-plugin-api-3.3.9.jar;C:\Users\ernestas.velevko\.m2\repository\org\apache\maven\maven-artifact\3.3.9\maven-artifact-3.3.9.jar;C:\Users\ernestas.velevko\.m2\repository\org\eclipse\sisu\org.eclipse.sisu.plexus\0.3.2\org.eclipse.sisu.plexus-0.3.2.jar;C:\Users\ernestas.velevko\.m2\repository\javax\enterprise\cdi-api\1.0\cdi-api-1.0.jar;C:\Users\ernestas.velevko\.m2\repository\javax\annotation\jsr250-api\1.0\jsr250-api-1.0.jar;C:\Users\ernestas.velevko\.m2\repository\org\eclipse\sisu\org.eclipse.sisu.inject\0.3.2\org.eclipse.sisu.inject-0.3.2.jar;C:\Users\ernestas.velevko\.m2\repository\org\apache\maven\maven-core\3.3.9\maven-core-3.3.9.jar;C:\Users\ernestas.velevko\.m2\repository\org\apache\maven\maven-settings\3.3.9\maven-settings-3.3.9.jar;C:\Users\ernestas.velevko\.m2\repository\org\apache\maven\maven-settings-builder\3.3.9\maven-settings-builder-3.3.9.jar;C:\Users\ernestas.velevko\.m2\repository\org\apache\maven\maven-builder-support\3.3.9\maven-builder-support-3.3.9.jar;C:\Users\ernestas.velevko\.m2\repository\org\apache\maven\maven-repository-metadata\3.3.9\maven-repository-metadata-3.3.9.jar;C:\Users\ernestas.velevko\.m2\repository\org\apache\maven\maven-model-builder\3.3.9\maven-model-builder-3.3.9.jar;C:\Users\ernestas.velevko\.m2\repository\com\google\guava\guava\18.0\guava-18.0.jar;C:\Users\ernestas.velevko\.m2\repository\org\apache\maven\maven-aether-provider\3.3.9\maven-aether-provider-3.3.9.jar;C:\Users\ernestas.velevko\.m2\repository\org\eclipse\aether\aether-spi\1.0.2.v20150114\aether-spi-1.0.2.v20150114.jar;C:\Users\ernestas.velevko\.m2\repository\org\eclipse\aether\aether-impl\1.0.2.v20150114\aether-impl-1.0.2.v20150114.jar;C:\Users\ernestas.velevko\.m2\repository\org\eclipse\aether\aether-api\1.0.2.v20150114\aether-api-1.0.2.v20150114.jar;C:\Users\ernestas.velevko\.m2\repository\org\eclipse\aether\aether-util\1.0.2.v20150114\aether-util-1.0.2.v20150114.jar;C:\Users\ernestas.velevko\.m2\repository\com\google\inject\guice\4.0\guice-4.0-no_aop.jar;C:\Users\ernestas.velevko\.m2\repository\javax\inject\javax.inject\1\javax.inject-1.jar;C:\Users\ernestas.velevko\.m2\repository\aopalliance\aopalliance\1.0\aopalliance-1.0.jar;C:\Users\ernestas.velevko\.m2\repository\org\codehaus\plexus\plexus-interpolation\1.21\plexus-interpolation-1.21.jar;C:\Users\ernestas.velevko\.m2\repository\org\codehaus\plexus\plexus-classworlds\2.5.2\plexus-classworlds-2.5.2.jar;C:\Users\ernestas.velevko\.m2\repository\org\sonatype\plexus\plexus-sec-dispatcher\1.3\plexus-sec-dispatcher-1.3.jar;C:\Users\ernestas.velevko\.m2\repository\org\sonatype\plexus\plexus-cipher\1.4\plexus-cipher-1.4.jar;C:\Users\ernestas.velevko\.m2\repository\org\apache\commons\commons-lang3\3.4\commons-lang3-3.4.jar;C:\Users\ernestas.velevko\.m2\repository\org\apache\maven\maven-compat\3.3.9\maven-compat-3.3.9.jar;C:\Users\ernestas.velevko\.m2\repository\org\apache\maven\wagon\wagon-provider-api\2.10\wagon-provider-api-2.10.jar;C:\Users\ernestas.velevko\.m2\repository\org\apache\maven\maven-project\2.2.1\maven-project-2.2.1.jar;C:\Users\ernestas.velevko\.m2\repository\org\apache\maven\maven-profile\2.2.1\maven-profile-2.2.1.jar;C:\Users\ernestas.velevko\.m2\repository\org\apache\maven\maven-artifact-manager\2.2.1\maven-artifact-manager-2.2.1.jar;C:\Users\ernestas.velevko\.m2\repository\backport-util-concurrent\backport-util-concurrent\3.1\backport-util-concurrent-3.1.jar;C:\Users\ernestas.velevko\.m2\repository\org\apache\maven\maven-plugin-registry\2.2.1\maven-plugin-registry-2.2.1.jar;C:\Users\ernestas.velevko\.m2\repository\org\codehaus\plexus\plexus-container-default\1.0-alpha-9-stable-1\plexus-container-default-1.0-alpha-9-stable-1.jar;C:\Users\ernestas.velevko\.m2\repository\classworlds\classworlds\1.1-alpha-2\classworlds-1.1-alpha-2.jar;C:\Users\ernestas.velevko\.m2\repository\org\apache\maven\maven-model\3.3.9\maven-model-3.3.9.jar;C:\Users\ernestas.velevko\.m2\repository\org\apache\maven\plugin-tools\maven-plugin-tools-annotations\3.4\maven-plugin-tools-annotations-3.4.jar;C:\Users\ernestas.velevko\.m2\repository\org\apache\maven\maven-plugin-descriptor\2.2.1\maven-plugin-descriptor-2.2.1.jar;C:\Users\ernestas.velevko\.m2\repository\org\apache\maven\plugin-tools\maven-plugin-annotations\3.4\maven-plugin-annotations-3.4.jar;C:\Users\ernestas.velevko\.m2\repository\org\ow2\asm\asm\5.0.2\asm-5.0.2.jar;C:\Users\ernestas.velevko\.m2\repository\org\codehaus\plexus\plexus-archiver\2.1.1\plexus-archiver-2.1.1.jar;C:\Users\ernestas.velevko\.m2\repository\com\thoughtworks\qdox\qdox\2.0-M3\qdox-2.0-M3.jar;C:\Users\ernestas.velevko\.m2\repository\org\apache\maven\plugin-tools\maven-plugin-tools-api\3.4\maven-plugin-tools-api-3.4.jar;C:\Users\ernestas.velevko\.m2\repository\org\codehaus\plexus\plexus-compiler-api\2.5\plexus-compiler-api-2.5.jar;C:\Users\ernestas.velevko\.m2\repository\org\codehaus\plexus\plexus-resources\1.0.1\plexus-resources-1.0.1.jar;C:\Users\ernestas.velevko\.m2\repository\org\codehaus\plexus\plexus-io\2.6.1\plexus-io-2.6.1.jar;C:\Users\ernestas.velevko\.m2\repository\commons-io\commons-io\2.2\commons-io-2.2.jar;C:\Users\ernestas.velevko\.m2\repository\org\codehaus\plexus\plexus-component-annotations\1.6\plexus-component-annotations-1.6.jar;C:\Users\ernestas.velevko\.m2\repository\org\apache\maven\shared\file-management\1.2\file-management-1.2.jar;C:\Users\ernestas.velevko\.m2\repository\org\apache\maven\shared\maven-shared-io\1.1\maven-shared-io-1.1.jar;C:\Users\ernestas.velevko\.m2\repository\org\glassfish\jersey\core\jersey-client\2.22.1\jersey-client-2.22.1.jar;C:\Users\ernestas.velevko\.m2\repository\javax\ws\rs\javax.ws.rs-api\2.0.1\javax.ws.rs-api-2.0.1.jar;C:\Users\ernestas.velevko\.m2\repository\org\glassfish\jersey\core\jersey-common\2.22.1\jersey-common-2.22.1.jar;C:\Users\ernestas.velevko\.m2\repository\javax\annotation\javax.annotation-api\1.2\javax.annotation-api-1.2.jar;C:\Users\ernestas.velevko\.m2\repository\org\glassfish\jersey\bundles\repackaged\jersey-guava\2.22.1\jersey-guava-2.22.1.jar;C:\Users\ernestas.velevko\.m2\repository\org\glassfish\hk2\osgi-resource-locator\1.0.1\osgi-resource-locator-1.0.1.jar;C:\Users\ernestas.velevko\.m2\repository\org\glassfish\hk2\hk2-api\2.4.0-b31\hk2-api-2.4.0-b31.jar;C:\Users\ernestas.velevko\.m2\repository\org\glassfish\hk2\hk2-utils\2.4.0-b31\hk2-utils-2.4.0-b31.jar;C:\Users\ernestas.velevko\.m2\repository\org\glassfish\hk2\external\aopalliance-repackaged\2.4.0-b31\aopalliance-repackaged-2.4.0-b31.jar;C:\Users\ernestas.velevko\.m2\repository\org\glassfish\hk2\external\javax.inject\2.4.0-b31\javax.inject-2.4.0-b31.jar;C:\Users\ernestas.velevko\.m2\repository\org\glassfish\hk2\hk2-locator\2.4.0-b31\hk2-locator-2.4.0-b31.jar;C:\Users\ernestas.velevko\.m2\repository\org\javassist\javassist\3.18.1-GA\javassist-3.18.1-GA.jar;C:\Users\ernestas.velevko\.m2\repository\org\glassfish\jersey\connectors\jersey-grizzly-connector\2.22.1\jersey-grizzly-connector-2.22.1.jar;C:\Users\ernestas.velevko\.m2\repository\org\glassfish\grizzly\grizzly-http-client\1.9\grizzly-http-client-1.9.jar;C:\Users\ernestas.velevko\.m2\repository\org\glassfish\grizzly\grizzly-websockets\2.3.23\grizzly-websockets-2.3.23.jar;C:\Users\ernestas.velevko\.m2\repository\org\glassfish\grizzly\grizzly-framework\2.3.23\grizzly-framework-2.3.23.jar;C:\Users\ernestas.velevko\.m2\repository\org\glassfish\grizzly\grizzly-http\2.3.23\grizzly-http-2.3.23.jar;C:\Users\ernestas.velevko\.m2\repository\org\glassfish\grizzly\connection-pool\2.3.23\connection-pool-2.3.23.jar;C:\Users\ernestas.velevko\.m2\repository\org\glassfish\jersey\connectors\jersey-apache-connector\2.22.1\jersey-apache-connector-2.22.1.jar;C:\Users\ernestas.velevko\.m2\repository\org\apache\httpcomponents\httpclient\4.5\httpclient-4.5.jar;C:\Users\ernestas.velevko\.m2\repository\org\apache\httpcomponents\httpcore\4.4.1\httpcore-4.4.1.jar;C:\Users\ernestas.velevko\.m2\repository\commons-logging\commons-logging\1.2\commons-logging-1.2.jar;C:\Users\ernestas.velevko\.m2\repository\commons-codec\commons-codec\1.9\commons-codec-1.9.jar;C:\Users\ernestas.velevko\.m2\repository\org\glassfish\jersey\connectors\jersey-jetty-connector\2.22.1\jersey-jetty-connector-2.22.1.jar;C:\Users\ernestas.velevko\.m2\repository\org\eclipse\jetty\jetty-client\9.1.1.v20140108\jetty-client-9.1.1.v20140108.jar;C:\Users\ernestas.velevko\.m2\repository\org\eclipse\jetty\jetty-http\9.1.1.v20140108\jetty-http-9.1.1.v20140108.jar;C:\Users\ernestas.velevko\.m2\repository\org\eclipse\jetty\jetty-util\9.1.1.v20140108\jetty-util-9.1.1.v20140108.jar;C:\Users\ernestas.velevko\.m2\repository\org\eclipse\jetty\jetty-io\9.1.1.v20140108\jetty-io-9.1.1.v20140108.jar;C:\Users\ernestas.velevko\.m2\repository\com\sun\jersey\jersey-json\1.19\jersey-json-1.19.jar;C:\Users\ernestas.velevko\.m2\repository\org\codehaus\jettison\jettison\1.1\jettison-1.1.jar;C:\Users\ernestas.velevko\.m2\repository\org\codehaus\jackson\jackson-core-asl\1.9.2\jackson-core-asl-1.9.2.jar;C:\Users\ernestas.velevko\.m2\repository\org\codehaus\jackson\jackson-mapper-asl\1.9.2\jackson-mapper-asl-1.9.2.jar;C:\Users\ernestas.velevko\.m2\repository\org\codehaus\jackson\jackson-jaxrs\1.9.2\jackson-jaxrs-1.9.2.jar;C:\Users\ernestas.velevko\.m2\repository\org\codehaus\jackson\jackson-xc\1.9.2\jackson-xc-1.9.2.jar;C:\Users\ernestas.velevko\.m2\repository\com\sun\jersey\jersey-core\1.19\jersey-core-1.19.jar;C:\Users\ernestas.velevko\.m2\repository\javax\ws\rs\jsr311-api\1.1.1\jsr311-api-1.1.1.jar;C:\Users\ernestas.velevko\.m2\repository\com\fasterxml\jackson\core\jackson-databind\2.2.3\jackson-databind-2.2.3.jar;C:\Users\ernestas.velevko\.m2\repository\com\fasterxml\jackson\core\jackson-annotations\2.2.3\jackson-annotations-2.2.3.jar;C:\Users\ernestas.velevko\.m2\repository\com\fasterxml\jackson\module\jackson-module-jaxb-annotations\2.4.0\jackson-module-jaxb-annotations-2.4.0.jar;C:\Users\ernestas.velevko\.m2\repository\com\fasterxml\jackson\core\jackson-core\2.2.3\jackson-core-2.2.3.jar;"/>
    <property name="java.vm.vendor" value="Eclipse Adoptium"/>
    <property name="sun.arch.data.model" value="64"/>
    <property name="user.variant" value=""/>
    <property name="java.vendor.url" value="https://adoptium.net/"/>
    <property name="user.timezone" value="Europe/Vilnius"/>
    <property name="user.country.format" value="LT"/>
    <property name="os.name" value="Windows 10"/>
    <property name="java.vm.specification.version" value="17"/>
    <property name="sun.java.launcher" value="SUN_STANDARD"/>
    <property name="user.country" value="US"/>
    <property name="sun.boot.library.path" value="C:\Users\ernestas.velevko\.p2\pool\plugins\org.eclipse.justj.openjdk.hotspot.jre.full.win32.x86_64_17.0.10.v20240120-1143\jre\bin"/>
    <property name="sun.java.command" value="C:\Users\ernestas.velevko\AppData\Local\Temp\surefire5291340400955597964\surefirebooter-20240528143654024_3.jar C:\Users\ernestas.velevko\AppData\Local\Temp\surefire5291340400955597964 2024-05-28T14-36-53_581-jvmRun1 surefire-20240528143654024_1tmp surefire_0-20240528143654024_2tmp"/>
    <property name="jdk.debug" value="release"/>
    <property name="surefire.test.class.path" value="C:\eclipse-workspace\lbint\target\test-classes;C:\eclipse-workspace\lbint\target\classes;C:\Users\ernestas.velevko\.m2\repository\junit\junit\4.13.2\junit-4.13.2.jar;C:\Users\ernestas.velevko\.m2\repository\org\hamcrest\hamcrest-core\1.3\hamcrest-core-1.3.jar;C:\Users\ernestas.velevko\.m2\repository\org\slf4j\slf4j-api\2.0.12\slf4j-api-2.0.12.jar;C:\Users\ernestas.velevko\.m2\repository\org\postgresql\postgresql\42.7.3\postgresql-42.7.3.jar;C:\Users\ernestas.velevko\.m2\repository\org\checkerframework\checker-qual\3.42.0\checker-qual-3.42.0.jar;C:\Users\ernestas.velevko\.m2\repository\com\sun\xml\ws\jaxws-rt\4.0.2\jaxws-rt-4.0.2.jar;C:\Users\ernestas.velevko\.m2\repository\com\sun\xml\bind\jaxb-impl\4.0.4\jaxb-impl-4.0.4.jar;C:\Users\ernestas.velevko\.m2\repository\com\sun\xml\bind\jaxb-core\4.0.4\jaxb-core-4.0.4.jar;C:\Users\ernestas.velevko\.m2\repository\org\glassfish\ha\ha-api\3.1.13\ha-api-3.1.13.jar;C:\Users\ernestas.velevko\.m2\repository\org\glassfish\external\management-api\3.2.3\management-api-3.2.3.jar;C:\Users\ernestas.velevko\.m2\repository\org\glassfish\gmbal\gmbal-api-only\4.0.3\gmbal-api-only-4.0.3.jar;C:\Users\ernestas.velevko\.m2\repository\org\jvnet\staxex\stax-ex\2.1.0\stax-ex-2.1.0.jar;C:\Users\ernestas.velevko\.m2\repository\com\sun\xml\stream\buffer\streambuffer\2.1.0\streambuffer-2.1.0.jar;C:\Users\ernestas.velevko\.m2\repository\org\jvnet\mimepull\mimepull\1.10.0\mimepull-1.10.0.jar;C:\Users\ernestas.velevko\.m2\repository\com\sun\xml\fastinfoset\FastInfoset\2.1.0\FastInfoset-2.1.0.jar;C:\Users\ernestas.velevko\.m2\repository\jakarta\mail\jakarta.mail-api\2.1.2\jakarta.mail-api-2.1.2.jar;C:\Users\ernestas.velevko\.m2\repository\org\eclipse\angus\angus-activation\2.0.1\angus-activation-2.0.1.jar;C:\Users\ernestas.velevko\.m2\repository\org\eclipse\angus\angus-mail\2.0.2\angus-mail-2.0.2.jar;C:\Users\ernestas.velevko\.m2\repository\com\sun\xml\messaging\saaj\saaj-impl\3.0.3\saaj-impl-3.0.3.jar;C:\Users\ernestas.velevko\.m2\repository\com\fasterxml\woodstox\woodstox-core\6.5.1\woodstox-core-6.5.1.jar;C:\Users\ernestas.velevko\.m2\repository\org\codehaus\woodstox\stax2-api\4.2.2\stax2-api-4.2.2.jar;C:\Users\ernestas.velevko\.m2\repository\jakarta\activation\jakarta.activation-api\2.1.2\jakarta.activation-api-2.1.2.jar;C:\Users\ernestas.velevko\.m2\repository\jakarta\xml\soap\jakarta.xml.soap-api\3.0.1\jakarta.xml.soap-api-3.0.1.jar;C:\Users\ernestas.velevko\.m2\repository\jakarta\annotation\jakarta.annotation-api\2.1.1\jakarta.annotation-api-2.1.1.jar;C:\Users\ernestas.velevko\.m2\repository\com\sun\xml\ws\jaxws-tools\4.0.2\jaxws-tools-4.0.2.jar;C:\Users\ernestas.velevko\.m2\repository\com\sun\xml\bind\jaxb-xjc\4.0.4\jaxb-xjc-4.0.4.jar;C:\Users\ernestas.velevko\.m2\repository\com\sun\xml\bind\jaxb-jxc\4.0.4\jaxb-jxc-4.0.4.jar;C:\Users\ernestas.velevko\.m2\repository\com\sun\xml\ws\jaxws-eclipselink-plugin\4.0.2\jaxws-eclipselink-plugin-4.0.2.jar;C:\Users\ernestas.velevko\.m2\repository\org\eclipse\persistence\org.eclipse.persistence.moxy\4.0.2\org.eclipse.persistence.moxy-4.0.2.jar;C:\Users\ernestas.velevko\.m2\repository\org\eclipse\persistence\org.eclipse.persistence.core\4.0.2\org.eclipse.persistence.core-4.0.2.jar;C:\Users\ernestas.velevko\.m2\repository\org\eclipse\persistence\org.eclipse.persistence.asm\9.5.0\org.eclipse.persistence.asm-9.5.0.jar;C:\Users\ernestas.velevko\.m2\repository\com\sun\xml\ws\sdo-eclipselink-plugin\4.0.2\sdo-eclipselink-plugin-4.0.2.jar;C:\Users\ernestas.velevko\.m2\repository\org\eclipse\persistence\org.eclipse.persistence.sdo\4.0.2\org.eclipse.persistence.sdo-4.0.2.jar;C:\Users\ernestas.velevko\.m2\repository\jakarta\xml\ws\jakarta.xml.ws-api\4.0.1\jakarta.xml.ws-api-4.0.1.jar;C:\Users\ernestas.velevko\.m2\repository\com\sun\xml\ws\jaxws-maven-plugin\4.0.2\jaxws-maven-plugin-4.0.2.jar;C:\Users\ernestas.velevko\.m2\repository\org\apache\maven\resolver\maven-resolver-api\1.9.16\maven-resolver-api-1.9.16.jar;C:\Users\ernestas.velevko\.m2\repository\org\apache\maven\resolver\maven-resolver-util\1.9.16\maven-resolver-util-1.9.16.jar;C:\Users\ernestas.velevko\.m2\repository\org\codehaus\plexus\plexus-utils\4.0.0\plexus-utils-4.0.0.jar;C:\Users\ernestas.velevko\.m2\repository\org\sonatype\plexus\plexus-build-api\0.0.7\plexus-build-api-0.0.7.jar;C:\Users\ernestas.velevko\.m2\repository\org\codehaus\plexus\plexus-xml\4.0.2\plexus-xml-4.0.2.jar;C:\Users\ernestas.velevko\.m2\repository\org\apache\maven\maven-xml-impl\4.0.0-alpha-7\maven-xml-impl-4.0.0-alpha-7.jar;C:\Users\ernestas.velevko\.m2\repository\org\apache\maven\maven-api-xml\4.0.0-alpha-7\maven-api-xml-4.0.0-alpha-7.jar;C:\Users\ernestas.velevko\.m2\repository\org\apache\maven\maven-api-meta\4.0.0-alpha-7\maven-api-meta-4.0.0-alpha-7.jar;C:\Users\ernestas.velevko\.m2\repository\jakarta\xml\bind\jakarta.xml.bind-api\4.0.2\jakarta.xml.bind-api-4.0.2.jar;C:\Users\ernestas.velevko\.m2\repository\com\github\cjnygard\rest-maven-plugin\0.1.4\rest-maven-plugin-0.1.4.jar;C:\Users\ernestas.velevko\.m2\repository\org\apache\maven\maven-plugin-api\3.3.9\maven-plugin-api-3.3.9.jar;C:\Users\ernestas.velevko\.m2\repository\org\apache\maven\maven-artifact\3.3.9\maven-artifact-3.3.9.jar;C:\Users\ernestas.velevko\.m2\repository\org\eclipse\sisu\org.eclipse.sisu.plexus\0.3.2\org.eclipse.sisu.plexus-0.3.2.jar;C:\Users\ernestas.velevko\.m2\repository\javax\enterprise\cdi-api\1.0\cdi-api-1.0.jar;C:\Users\ernestas.velevko\.m2\repository\javax\annotation\jsr250-api\1.0\jsr250-api-1.0.jar;C:\Users\ernestas.velevko\.m2\repository\org\eclipse\sisu\org.eclipse.sisu.inject\0.3.2\org.eclipse.sisu.inject-0.3.2.jar;C:\Users\ernestas.velevko\.m2\repository\org\apache\maven\maven-core\3.3.9\maven-core-3.3.9.jar;C:\Users\ernestas.velevko\.m2\repository\org\apache\maven\maven-settings\3.3.9\maven-settings-3.3.9.jar;C:\Users\ernestas.velevko\.m2\repository\org\apache\maven\maven-settings-builder\3.3.9\maven-settings-builder-3.3.9.jar;C:\Users\ernestas.velevko\.m2\repository\org\apache\maven\maven-builder-support\3.3.9\maven-builder-support-3.3.9.jar;C:\Users\ernestas.velevko\.m2\repository\org\apache\maven\maven-repository-metadata\3.3.9\maven-repository-metadata-3.3.9.jar;C:\Users\ernestas.velevko\.m2\repository\org\apache\maven\maven-model-builder\3.3.9\maven-model-builder-3.3.9.jar;C:\Users\ernestas.velevko\.m2\repository\com\google\guava\guava\18.0\guava-18.0.jar;C:\Users\ernestas.velevko\.m2\repository\org\apache\maven\maven-aether-provider\3.3.9\maven-aether-provider-3.3.9.jar;C:\Users\ernestas.velevko\.m2\repository\org\eclipse\aether\aether-spi\1.0.2.v20150114\aether-spi-1.0.2.v20150114.jar;C:\Users\ernestas.velevko\.m2\repository\org\eclipse\aether\aether-impl\1.0.2.v20150114\aether-impl-1.0.2.v20150114.jar;C:\Users\ernestas.velevko\.m2\repository\org\eclipse\aether\aether-api\1.0.2.v20150114\aether-api-1.0.2.v20150114.jar;C:\Users\ernestas.velevko\.m2\repository\org\eclipse\aether\aether-util\1.0.2.v20150114\aether-util-1.0.2.v20150114.jar;C:\Users\ernestas.velevko\.m2\repository\com\google\inject\guice\4.0\guice-4.0-no_aop.jar;C:\Users\ernestas.velevko\.m2\repository\javax\inject\javax.inject\1\javax.inject-1.jar;C:\Users\ernestas.velevko\.m2\repository\aopalliance\aopalliance\1.0\aopalliance-1.0.jar;C:\Users\ernestas.velevko\.m2\repository\org\codehaus\plexus\plexus-interpolation\1.21\plexus-interpolation-1.21.jar;C:\Users\ernestas.velevko\.m2\repository\org\codehaus\plexus\plexus-classworlds\2.5.2\plexus-classworlds-2.5.2.jar;C:\Users\ernestas.velevko\.m2\repository\org\sonatype\plexus\plexus-sec-dispatcher\1.3\plexus-sec-dispatcher-1.3.jar;C:\Users\ernestas.velevko\.m2\repository\org\sonatype\plexus\plexus-cipher\1.4\plexus-cipher-1.4.jar;C:\Users\ernestas.velevko\.m2\repository\org\apache\commons\commons-lang3\3.4\commons-lang3-3.4.jar;C:\Users\ernestas.velevko\.m2\repository\org\apache\maven\maven-compat\3.3.9\maven-compat-3.3.9.jar;C:\Users\ernestas.velevko\.m2\repository\org\apache\maven\wagon\wagon-provider-api\2.10\wagon-provider-api-2.10.jar;C:\Users\ernestas.velevko\.m2\repository\org\apache\maven\maven-project\2.2.1\maven-project-2.2.1.jar;C:\Users\ernestas.velevko\.m2\repository\org\apache\maven\maven-profile\2.2.1\maven-profile-2.2.1.jar;C:\Users\ernestas.velevko\.m2\repository\org\apache\maven\maven-artifact-manager\2.2.1\maven-artifact-manager-2.2.1.jar;C:\Users\ernestas.velevko\.m2\repository\backport-util-concurrent\backport-util-concurrent\3.1\backport-util-concurrent-3.1.jar;C:\Users\ernestas.velevko\.m2\repository\org\apache\maven\maven-plugin-registry\2.2.1\maven-plugin-registry-2.2.1.jar;C:\Users\ernestas.velevko\.m2\repository\org\codehaus\plexus\plexus-container-default\1.0-alpha-9-stable-1\plexus-container-default-1.0-alpha-9-stable-1.jar;C:\Users\ernestas.velevko\.m2\repository\classworlds\classworlds\1.1-alpha-2\classworlds-1.1-alpha-2.jar;C:\Users\ernestas.velevko\.m2\repository\org\apache\maven\maven-model\3.3.9\maven-model-3.3.9.jar;C:\Users\ernestas.velevko\.m2\repository\org\apache\maven\plugin-tools\maven-plugin-tools-annotations\3.4\maven-plugin-tools-annotations-3.4.jar;C:\Users\ernestas.velevko\.m2\repository\org\apache\maven\maven-plugin-descriptor\2.2.1\maven-plugin-descriptor-2.2.1.jar;C:\Users\ernestas.velevko\.m2\repository\org\apache\maven\plugin-tools\maven-plugin-annotations\3.4\maven-plugin-annotations-3.4.jar;C:\Users\ernestas.velevko\.m2\repository\org\ow2\asm\asm\5.0.2\asm-5.0.2.jar;C:\Users\ernestas.velevko\.m2\repository\org\codehaus\plexus\plexus-archiver\2.1.1\plexus-archiver-2.1.1.jar;C:\Users\ernestas.velevko\.m2\repository\com\thoughtworks\qdox\qdox\2.0-M3\qdox-2.0-M3.jar;C:\Users\ernestas.velevko\.m2\repository\org\apache\maven\plugin-tools\maven-plugin-tools-api\3.4\maven-plugin-tools-api-3.4.jar;C:\Users\ernestas.velevko\.m2\repository\org\codehaus\plexus\plexus-compiler-api\2.5\plexus-compiler-api-2.5.jar;C:\Users\ernestas.velevko\.m2\repository\org\codehaus\plexus\plexus-resources\1.0.1\plexus-resources-1.0.1.jar;C:\Users\ernestas.velevko\.m2\repository\org\codehaus\plexus\plexus-io\2.6.1\plexus-io-2.6.1.jar;C:\Users\ernestas.velevko\.m2\repository\commons-io\commons-io\2.2\commons-io-2.2.jar;C:\Users\ernestas.velevko\.m2\repository\org\codehaus\plexus\plexus-component-annotations\1.6\plexus-component-annotations-1.6.jar;C:\Users\ernestas.velevko\.m2\repository\org\apache\maven\shared\file-management\1.2\file-management-1.2.jar;C:\Users\ernestas.velevko\.m2\repository\org\apache\maven\shared\maven-shared-io\1.1\maven-shared-io-1.1.jar;C:\Users\ernestas.velevko\.m2\repository\org\glassfish\jersey\core\jersey-client\2.22.1\jersey-client-2.22.1.jar;C:\Users\ernestas.velevko\.m2\repository\javax\ws\rs\javax.ws.rs-api\2.0.1\javax.ws.rs-api-2.0.1.jar;C:\Users\ernestas.velevko\.m2\repository\org\glassfish\jersey\core\jersey-common\2.22.1\jersey-common-2.22.1.jar;C:\Users\ernestas.velevko\.m2\repository\javax\annotation\javax.annotation-api\1.2\javax.annotation-api-1.2.jar;C:\Users\ernestas.velevko\.m2\repository\org\glassfish\jersey\bundles\repackaged\jersey-guava\2.22.1\jersey-guava-2.22.1.jar;C:\Users\ernestas.velevko\.m2\repository\org\glassfish\hk2\osgi-resource-locator\1.0.1\osgi-resource-locator-1.0.1.jar;C:\Users\ernestas.velevko\.m2\repository\org\glassfish\hk2\hk2-api\2.4.0-b31\hk2-api-2.4.0-b31.jar;C:\Users\ernestas.velevko\.m2\repository\org\glassfish\hk2\hk2-utils\2.4.0-b31\hk2-utils-2.4.0-b31.jar;C:\Users\ernestas.velevko\.m2\repository\org\glassfish\hk2\external\aopalliance-repackaged\2.4.0-b31\aopalliance-repackaged-2.4.0-b31.jar;C:\Users\ernestas.velevko\.m2\repository\org\glassfish\hk2\external\javax.inject\2.4.0-b31\javax.inject-2.4.0-b31.jar;C:\Users\ernestas.velevko\.m2\repository\org\glassfish\hk2\hk2-locator\2.4.0-b31\hk2-locator-2.4.0-b31.jar;C:\Users\ernestas.velevko\.m2\repository\org\javassist\javassist\3.18.1-GA\javassist-3.18.1-GA.jar;C:\Users\ernestas.velevko\.m2\repository\org\glassfish\jersey\connectors\jersey-grizzly-connector\2.22.1\jersey-grizzly-connector-2.22.1.jar;C:\Users\ernestas.velevko\.m2\repository\org\glassfish\grizzly\grizzly-http-client\1.9\grizzly-http-client-1.9.jar;C:\Users\ernestas.velevko\.m2\repository\org\glassfish\grizzly\grizzly-websockets\2.3.23\grizzly-websockets-2.3.23.jar;C:\Users\ernestas.velevko\.m2\repository\org\glassfish\grizzly\grizzly-framework\2.3.23\grizzly-framework-2.3.23.jar;C:\Users\ernestas.velevko\.m2\repository\org\glassfish\grizzly\grizzly-http\2.3.23\grizzly-http-2.3.23.jar;C:\Users\ernestas.velevko\.m2\repository\org\glassfish\grizzly\connection-pool\2.3.23\connection-pool-2.3.23.jar;C:\Users\ernestas.velevko\.m2\repository\org\glassfish\jersey\connectors\jersey-apache-connector\2.22.1\jersey-apache-connector-2.22.1.jar;C:\Users\ernestas.velevko\.m2\repository\org\apache\httpcomponents\httpclient\4.5\httpclient-4.5.jar;C:\Users\ernestas.velevko\.m2\repository\org\apache\httpcomponents\httpcore\4.4.1\httpcore-4.4.1.jar;C:\Users\ernestas.velevko\.m2\repository\commons-logging\commons-logging\1.2\commons-logging-1.2.jar;C:\Users\ernestas.velevko\.m2\repository\commons-codec\commons-codec\1.9\commons-codec-1.9.jar;C:\Users\ernestas.velevko\.m2\repository\org\glassfish\jersey\connectors\jersey-jetty-connector\2.22.1\jersey-jetty-connector-2.22.1.jar;C:\Users\ernestas.velevko\.m2\repository\org\eclipse\jetty\jetty-client\9.1.1.v20140108\jetty-client-9.1.1.v20140108.jar;C:\Users\ernestas.velevko\.m2\repository\org\eclipse\jetty\jetty-http\9.1.1.v20140108\jetty-http-9.1.1.v20140108.jar;C:\Users\ernestas.velevko\.m2\repository\org\eclipse\jetty\jetty-util\9.1.1.v20140108\jetty-util-9.1.1.v20140108.jar;C:\Users\ernestas.velevko\.m2\repository\org\eclipse\jetty\jetty-io\9.1.1.v20140108\jetty-io-9.1.1.v20140108.jar;C:\Users\ernestas.velevko\.m2\repository\com\sun\jersey\jersey-json\1.19\jersey-json-1.19.jar;C:\Users\ernestas.velevko\.m2\repository\org\codehaus\jettison\jettison\1.1\jettison-1.1.jar;C:\Users\ernestas.velevko\.m2\repository\org\codehaus\jackson\jackson-core-asl\1.9.2\jackson-core-asl-1.9.2.jar;C:\Users\ernestas.velevko\.m2\repository\org\codehaus\jackson\jackson-mapper-asl\1.9.2\jackson-mapper-asl-1.9.2.jar;C:\Users\ernestas.velevko\.m2\repository\org\codehaus\jackson\jackson-jaxrs\1.9.2\jackson-jaxrs-1.9.2.jar;C:\Users\ernestas.velevko\.m2\repository\org\codehaus\jackson\jackson-xc\1.9.2\jackson-xc-1.9.2.jar;C:\Users\ernestas.velevko\.m2\repository\com\sun\jersey\jersey-core\1.19\jersey-core-1.19.jar;C:\Users\ernestas.velevko\.m2\repository\javax\ws\rs\jsr311-api\1.1.1\jsr311-api-1.1.1.jar;C:\Users\ernestas.velevko\.m2\repository\com\fasterxml\jackson\core\jackson-databind\2.2.3\jackson-databind-2.2.3.jar;C:\Users\ernestas.velevko\.m2\repository\com\fasterxml\jackson\core\jackson-annotations\2.2.3\jackson-annotations-2.2.3.jar;C:\Users\ernestas.velevko\.m2\repository\com\fasterxml\jackson\module\jackson-module-jaxb-annotations\2.4.0\jackson-module-jaxb-annotations-2.4.0.jar;C:\Users\ernestas.velevko\.m2\repository\com\fasterxml\jackson\core\jackson-core\2.2.3\jackson-core-2.2.3.jar;"/>
    <property name="sun.cpu.endian" value="little"/>
    <property name="user.home" value="C:\Users\ernestas.velevko"/>
    <property name="user.language" value="en"/>
    <property name="java.specification.vendor" value="Oracle Corporation"/>
    <property name="java.version.date" value="2024-01-16"/>
    <property name="java.home" value="C:\Users\ernestas.velevko\.p2\pool\plugins\org.eclipse.justj.openjdk.hotspot.jre.full.win32.x86_64_17.0.10.v20240120-1143\jre"/>
    <property name="file.separator" value="\"/>
    <property name="style.color" value="always"/>
    <property name="basedir" value="C:\eclipse-workspace\lbint"/>
    <property name="java.vm.compressedOopsMode" value="Zero based"/>
    <property name="line.separator" value="&#10;"/>
    <property name="java.vm.specification.vendor" value="Oracle Corporation"/>
    <property name="java.specification.name" value="Java Platform API Specification"/>
    <property name="surefire.real.class.path" value="C:\Users\ernestas.velevko\AppData\Local\Temp\surefire5291340400955597964\surefirebooter-20240528143654024_3.jar"/>
    <property name="user.script" value=""/>
    <property name="sun.management.compiler" value="HotSpot 64-Bit Tiered Compilers"/>
    <property name="java.runtime.version" value="17.0.10+7"/>
    <property name="user.name" value="ernestas.velevko"/>
    <property name="path.separator" value=";"/>
    <property name="os.version" value="10.0"/>
    <property name="java.runtime.name" value="OpenJDK Runtime Environment"/>
    <property name="file.encoding" value="Cp1257"/>
    <property name="java.vm.name" value="OpenJDK 64-Bit Server VM"/>
    <property name="java.vendor.version" value="Temurin-17.0.10+7"/>
    <property name="localRepository" value="C:\Users\ernestas.velevko\.m2\repository"/>
    <property name="java.vendor.url.bug" value="https://github.com/adoptium/adoptium-support/issues"/>
    <property name="java.io.tmpdir" value="C:\Users\ERNEST~1.VEL\AppData\Local\Temp\"/>
    <property name="java.version" value="17.0.10"/>
    <property name="user.dir" value="C:\eclipse-workspace\lbint"/>
    <property name="os.arch" value="amd64"/>
    <property name="java.vm.specification.name" value="Java Virtual Machine Specification"/>
    <property name="user.language.format" value="lt"/>
    <property name="sun.os.patch.level" value=""/>
    <property name="native.encoding" value="Cp1257"/>
    <property name="java.library.path" value="C:\Users\ernestas.velevko\.p2\pool\plugins\org.eclipse.justj.openjdk.hotspot.jre.full.win32.x86_64_17.0.10.v20240120-1143\jre\bin;C:\WINDOWS\Sun\Java\bin;C:\WINDOWS\system32;C:\WINDOWS;C:/Users/ernestas.velevko/.p2/pool/plugins/org.eclipse.justj.openjdk.hotspot.jre.full.win32.x86_64_17.0.10.v20240120-1143/jre/bin/server;C:/Users/ernestas.velevko/.p2/pool/plugins/org.eclipse.justj.openjdk.hotspot.jre.full.win32.x86_64_17.0.10.v20240120-1143/jre/bin;C:\Program Files (x86)\Common Files\Oracle\Java\javapath;C:\app\client\ernestas.velevko\product\12.2.0\client_1\bin;C:\ProgramData\Oracle\Java\javapath;C:\WINDOWS\system32;C:\WINDOWS;C:\WINDOWS\System32\Wbem;C:\WINDOWS\System32\WindowsPowerShell\v1.0\;C:\WINDOWS\System32\OpenSSH\;C:\Program Files (x86)\Windows Kits\8.1\Windows Performance Toolkit\;C:\Program Files\Microsoft SQL Server\110\Tools\Binn\;C:\Program Files\Microsoft\Web Platform Installer\;C:\Program Files\dotnet\;C:\Program Files (x86)\Pulse Secure\VC142.CRT\X64\;C:\Program Files (x86)\Pulse Secure\VC142.CRT\X86\;C:\Program Files (x86)\Common Files\Pulse Secure\TNC Client Plugin\;C:\Program Files\PuTTY\;C:\Users\ernestas.velevko\AppData\Local\Microsoft\WindowsApps;;C:\Users\ernestas.velevko\eclipse\jee-2024-03\eclipse;;."/>
    <property name="java.vm.info" value="mixed mode"/>
    <property name="java.vendor" value="Eclipse Adoptium"/>
    <property name="java.vm.version" value="17.0.10+7"/>
    <property name="sun.io.unicode.encoding" value="UnicodeLittle"/>
    <property name="java.class.version" value="61.0"/>
  </properties>
  <testcase name="testApp" classname="com.lb.lbint.AppTest" time="0.003"/>
</testsuite>